d:\zoolon\project\驱鸟\code\drivebirdsapplication\drivebirdsapplication\release\tracelog.obj
d:\zoolon\project\驱鸟\code\drivebirdsapplication\drivebirdsapplication\release\mscomm1.obj
d:\zoolon\project\驱鸟\code\drivebirdsapplication\drivebirdsapplication\release\drivebirdscenter.obj
d:\zoolon\project\驱鸟\code\drivebirdsapplication\drivebirdsapplication\release\drivebirdsapplicationdlg.obj
d:\zoolon\project\驱鸟\code\drivebirdsapplication\drivebirdsapplication\release\drivebirdsapplication.obj
d:\zoolon\project\驱鸟\code\drivebirdsapplication\drivebirdsapplication\release\commonused.obj
d:\zoolon\project\驱鸟\code\drivebirdsapplication\drivebirdsapplication\release\commbusdefinition.obj
d:\zoolon\project\驱鸟\code\drivebirdsapplication\drivebirdsapplication\release\commbusclient.obj
d:\zoolon\project\驱鸟\code\drivebirdsapplication\drivebirdsapplication\release\vc100.pdb
d:\zoolon\project\驱鸟\code\drivebirdsapplication\drivebirdsapplication\release\drivebirdsapplication.pch
d:\zoolon\project\驱鸟\code\drivebirdsapplication\drivebirdsapplication\release\stdafx.obj
d:\zoolon\project\驱鸟\code\drivebirdsapplication\release\drivebirdsapplication.exe
d:\zoolon\project\驱鸟\code\drivebirdsapplication\drivebirdsapplication\release\drivebirdsapplication.exe.intermediate.manifest
d:\zoolon\project\驱鸟\code\drivebirdsapplication\release\drivebirdsapplication.pdb
d:\zoolon\project\驱鸟\code\drivebirdsapplication\drivebirdsapplication\release\drivebirdsapplication.res
d:\zoolon\project\驱鸟\code\drivebirdsapplication\drivebirdsapplication\release\vc140.pdb
d:\zoolon\project\驱鸟\code\drivebirdsapplication\release\drivebirdsapplication.ipdb
d:\zoolon\project\驱鸟\code\drivebirdsapplication\release\drivebirdsapplication.iobj
z:\zoolon\zoolon\project\驱鸟\code\drivebirdsapplication\drivebirdsapplication\release\drivebirdsapplication.vcxprojresolveassemblyreference.cache
z:\zoolon\zoolon\project\驱鸟\code\drivebirdsapplication\drivebirdsapplication\release\stdafx.obj
z:\zoolon\zoolon\project\驱鸟\code\drivebirdsapplication\drivebirdsapplication\release\drivebirdsapplicationdlg.obj
z:\zoolon\zoolon\project\驱鸟\code\drivebirdsapplication\drivebirdsapplication\release\commbusdefinition.obj
z:\zoolon\zoolon\project\驱鸟\code\drivebirdsapplication\drivebirdsapplication\release\commonused.obj
z:\zoolon\zoolon\project\驱鸟\code\drivebirdsapplication\drivebirdsapplication\release\drivebirdscenter.obj
z:\zoolon\zoolon\project\驱鸟\code\drivebirdsapplication\drivebirdsapplication\release\commbusclient.obj
z:\zoolon\zoolon\project\驱鸟\code\drivebirdsapplication\drivebirdsapplication\release\mscomm1.obj
z:\zoolon\zoolon\project\驱鸟\code\drivebirdsapplication\drivebirdsapplication\release\tracelog.obj
z:\zoolon\zoolon\project\驱鸟\code\drivebirdsapplication\drivebirdsapplication\release\drivebirdsapplication.obj
z:\zoolon\zoolon\project\驱鸟\code\drivebirdsapplication\drivebirdsapplication\release\link.read.1.tlog
z:\zoolon\zoolon\project\驱鸟\code\drivebirdsapplication\drivebirdsapplication\release\cl.write.1.tlog
z:\zoolon\zoolon\project\驱鸟\code\drivebirdsapplication\drivebirdsapplication\release\mt.read.1.tlog
z:\zoolon\zoolon\project\驱鸟\code\drivebirdsapplication\drivebirdsapplication\release\mt.command.1.tlog
z:\zoolon\zoolon\project\驱鸟\code\drivebirdsapplication\drivebirdsapplication\release\cl.read.1.tlog
z:\zoolon\zoolon\project\驱鸟\code\drivebirdsapplication\drivebirdsapplication\release\rc.command.1.tlog
z:\zoolon\zoolon\project\驱鸟\code\drivebirdsapplication\drivebirdsapplication\release\link.write.1.tlog
z:\zoolon\zoolon\project\驱鸟\code\drivebirdsapplication\drivebirdsapplication\release\link-cvtres.read.1.tlog
z:\zoolon\zoolon\project\驱鸟\code\drivebirdsapplication\drivebirdsapplication\release\link-cvtres.write.1.tlog
z:\zoolon\zoolon\project\驱鸟\code\drivebirdsapplication\drivebirdsapplication\release\cl.command.1.tlog
z:\zoolon\zoolon\project\驱鸟\code\drivebirdsapplication\drivebirdsapplication\release\rc.write.1.tlog
z:\zoolon\zoolon\project\驱鸟\code\drivebirdsapplication\drivebirdsapplication\release\link.command.1.tlog
z:\zoolon\zoolon\project\驱鸟\code\drivebirdsapplication\drivebirdsapplication\release\drivebirdsapplication.write.1.tlog
z:\zoolon\zoolon\project\驱鸟\code\drivebirdsapplication\drivebirdsapplication\release\mt.write.1.tlog
z:\zoolon\zoolon\project\驱鸟\code\drivebirdsapplication\drivebirdsapplication\release\rc.read.1.tlog
z:\zoolon\zoolon\project\驱鸟\code\drivebirdsapplication\drivebirdsapplication\release\drivebirdsapplication.exe.intermediate.manifest
z:\zoolon\zoolon\project\驱鸟\code\drivebirdsapplication\drivebirdsapplication\release\drivebirdsapplication.res
z:\zoolon\zoolon\project\驱鸟\code\drivebirdsapplication\drivebirdsapplication\release\drivebirdsapplication.pch
z:\zoolon\zoolon\project\驱鸟\code\drivebirdsapplication\drivebirdsapplication\release\vc100.pdb
z:\zoolon\zoolon\project\驱鸟\code\drivebirdsapplication\release\drivebirdsapplication.pdb
z:\zoolon\zoolon\project\驱鸟\code\drivebirdsapplication\release\drivebirdsapplication.exe
z:\zoolon\zoolon\project\驱鸟\code\drivebirdsapplication\drivebirdsapplication\release\drivebir.9d5068d8.tlog\link.read.1.tlog
z:\zoolon\zoolon\project\驱鸟\code\drivebirdsapplication\drivebirdsapplication\release\drivebir.9d5068d8.tlog\cl.write.1.tlog
z:\zoolon\zoolon\project\驱鸟\code\drivebirdsapplication\drivebirdsapplication\release\drivebir.9d5068d8.tlog\cl.read.1.tlog
z:\zoolon\zoolon\project\驱鸟\code\drivebirdsapplication\drivebirdsapplication\release\drivebir.9d5068d8.tlog\rc.command.1.tlog
z:\zoolon\zoolon\project\驱鸟\code\drivebirdsapplication\drivebirdsapplication\release\drivebir.9d5068d8.tlog\link.write.1.tlog
z:\zoolon\zoolon\project\驱鸟\code\drivebirdsapplication\drivebirdsapplication\release\drivebir.9d5068d8.tlog\rc.write.1.tlog
z:\zoolon\zoolon\project\驱鸟\code\drivebirdsapplication\drivebirdsapplication\release\drivebir.9d5068d8.tlog\link.command.1.tlog
z:\zoolon\zoolon\project\驱鸟\code\drivebirdsapplication\drivebirdsapplication\release\drivebir.9d5068d8.tlog\cl.command.1.tlog
z:\zoolon\zoolon\project\驱鸟\code\drivebirdsapplication\drivebirdsapplication\release\drivebir.9d5068d8.tlog\rc.read.1.tlog
