d:\zoolon\project\驱鸟\code\drivebirdsapplication\drivebirdsapplication\debug\drivebirdsapplication.pch
d:\zoolon\project\驱鸟\code\drivebirdsapplication\drivebirdsapplication\debug\stdafx.obj
d:\zoolon\project\驱鸟\code\drivebirdsapplication\drivebirdsapplication\debug\vc100.pdb
d:\zoolon\project\驱鸟\code\drivebirdsapplication\drivebirdsapplication\debug\commbusclient.obj
d:\zoolon\project\驱鸟\code\drivebirdsapplication\drivebirdsapplication\debug\commbusdefinition.obj
d:\zoolon\project\驱鸟\code\drivebirdsapplication\drivebirdsapplication\debug\commonused.obj
d:\zoolon\project\驱鸟\code\drivebirdsapplication\drivebirdsapplication\debug\drivebirdsapplication.obj
d:\zoolon\project\驱鸟\code\drivebirdsapplication\drivebirdsapplication\debug\drivebirdsapplicationdlg.obj
d:\zoolon\project\驱鸟\code\drivebirdsapplication\drivebirdsapplication\debug\drivebirdscenter.obj
d:\zoolon\project\驱鸟\code\drivebirdsapplication\drivebirdsapplication\debug\mscomm1.obj
d:\zoolon\project\驱鸟\code\drivebirdsapplication\drivebirdsapplication\debug\tracelog.obj
d:\zoolon\project\驱鸟\code\drivebirdsapplication\debug\drivebirdsapplication.ilk
d:\zoolon\project\驱鸟\code\drivebirdsapplication\debug\drivebirdsapplication.exe
d:\zoolon\project\驱鸟\code\drivebirdsapplication\drivebirdsapplication\debug\drivebirdsapplication.exe.intermediate.manifest
d:\zoolon\project\驱鸟\code\drivebirdsapplication\debug\drivebirdsapplication.pdb
d:\zoolon\project\驱鸟\code\drivebirdsapplication\drivebirdsapplication\debug\drivebirdsapplication.exe.embed.manifest
d:\zoolon\project\驱鸟\code\drivebirdsapplication\drivebirdsapplication\debug\drivebirdsapplication.res
d:\zoolon\project\驱鸟\code\drivebirdsapplication\drivebirdsapplication\debug\drivebirdsapplication.exe.embed.manifest.res
d:\zoolon\project\驱鸟\code\drivebirdsapplication\drivebirdsapplication\debug\cl.command.1.tlog
d:\zoolon\project\驱鸟\code\drivebirdsapplication\drivebirdsapplication\debug\cl.read.1.tlog
d:\zoolon\project\驱鸟\code\drivebirdsapplication\drivebirdsapplication\debug\cl.write.1.tlog
d:\zoolon\project\驱鸟\code\drivebirdsapplication\drivebirdsapplication\debug\drivebirdsapplication.write.1.tlog
d:\zoolon\project\驱鸟\code\drivebirdsapplication\drivebirdsapplication\debug\link-cvtres.read.1.tlog
d:\zoolon\project\驱鸟\code\drivebirdsapplication\drivebirdsapplication\debug\link-cvtres.write.1.tlog
d:\zoolon\project\驱鸟\code\drivebirdsapplication\drivebirdsapplication\debug\link.command.1.tlog
d:\zoolon\project\驱鸟\code\drivebirdsapplication\drivebirdsapplication\debug\link.read.1.tlog
d:\zoolon\project\驱鸟\code\drivebirdsapplication\drivebirdsapplication\debug\link.write.1.tlog
d:\zoolon\project\驱鸟\code\drivebirdsapplication\drivebirdsapplication\debug\mt.command.1.tlog
d:\zoolon\project\驱鸟\code\drivebirdsapplication\drivebirdsapplication\debug\mt.read.1.tlog
d:\zoolon\project\驱鸟\code\drivebirdsapplication\drivebirdsapplication\debug\mt.write.1.tlog
d:\zoolon\project\驱鸟\code\drivebirdsapplication\drivebirdsapplication\debug\rc.command.1.tlog
d:\zoolon\project\驱鸟\code\drivebirdsapplication\drivebirdsapplication\debug\rc.read.1.tlog
d:\zoolon\project\驱鸟\code\drivebirdsapplication\drivebirdsapplication\debug\rc.write.1.tlog
d:\zoolon\project\驱鸟\code\drivebirdsapplication\drivebirdsapplication\debug\vc100.idb
d:\zoolon\project\驱鸟\code\drivebirdsapplication\drivebirdsapplication\debug\drivebirdsapplication_manifest.rc
